<?xml version="1.0" encoding="UTF-8"?>
<!-- Generated by org.testng.reporters.JUnitReportReporter -->
<testsuite skipped="0" hostname="ST" name="testcases.testcaseproductnav001" tests="1" failures="0" timestamp="07 Mar 2021 12:42:41 GMT" time="8.122" errors="0">
  <testcase name="BMITest" time="8.122" classname="testcases.testcaseproductnav001"/>
</testsuite> <!-- testcases.testcaseproductnav001 -->
